<?xml version="1.0" encoding="UTF-8"?>
<robot generator="Robot 4.1.3 (Python 3.9.0 on win32)" generated="20220514 22:28:43.935" rpa="false" schemaversion="2">
<suite id="s1" name="Tests" source="D:\My docs\Projects\Check-Python-available-versions\Tests">
<suite id="s1-s1" name="CheckVersions" source="D:\My docs\Projects\Check-Python-available-versions\Tests\CheckVersions.robot">
<test id="s1-s1-t1" name="As a user, I find the Python download page in Google search and compare the version on the [Download] and in the download link">
<kw name="I open the browser" library="Common" type="SETUP">
<kw name="Open Browser" library="SeleniumLibrary">
<arg>about:blank</arg>
<arg>${BROWSER}</arg>
<doc>Opens a new browser instance to the optional ``url``.</doc>
<msg timestamp="20220514 22:28:44.381" level="INFO">Opening browser 'chrome' to base url 'about:blank'.</msg>
<status status="PASS" starttime="20220514 22:28:44.381" endtime="20220514 22:28:48.040"/>
</kw>
<kw name="Set Window Size" library="SeleniumLibrary">
<arg>${Browser_Window_Width}</arg>
<arg>${Browser_Window_Height}</arg>
<doc>Sets current windows size to given ``width`` and ``height``.</doc>
<status status="PASS" starttime="20220514 22:28:48.040" endtime="20220514 22:28:48.168"/>
</kw>
<kw name="Evaluate" library="BuiltIn">
<var>${OS}</var>
<arg>platform.system()</arg>
<arg>platform</arg>
<doc>Evaluates the given expression in Python and returns the result.</doc>
<msg timestamp="20220514 22:28:48.169" level="INFO">${OS} = Windows</msg>
<status status="PASS" starttime="20220514 22:28:48.168" endtime="20220514 22:28:48.169"/>
</kw>
<kw name="Set Suite Variable" library="BuiltIn">
<arg>${OS}</arg>
<doc>Makes a variable available everywhere within the scope of the current suite.</doc>
<msg timestamp="20220514 22:28:48.169" level="INFO">${OS} = Windows</msg>
<status status="PASS" starttime="20220514 22:28:48.169" endtime="20220514 22:28:48.169"/>
</kw>
<status status="PASS" starttime="20220514 22:28:44.380" endtime="20220514 22:28:48.170"/>
</kw>
<kw name="Given I open the Google search page" library="VersionsCompareKeywords">
<kw name="Open the Google search page" library="VersionsCompareFunctions">
<kw name="Go To" library="SeleniumLibrary">
<arg>${Google_page}</arg>
<doc>Navigates the current browser window to the provided ``url``.</doc>
<msg timestamp="20220514 22:28:48.172" level="INFO">Opening url 'https://www.google.com/'</msg>
<status status="PASS" starttime="20220514 22:28:48.171" endtime="20220514 22:28:50.396"/>
</kw>
<kw name="Wait Until Page Contains Element" library="SeleniumLibrary">
<arg>${Google_search_input_element}</arg>
<doc>Waits until the element ``locator`` appears on the current page.</doc>
<status status="PASS" starttime="20220514 22:28:50.396" endtime="20220514 22:28:50.524"/>
</kw>
<status status="PASS" starttime="20220514 22:28:48.171" endtime="20220514 22:28:50.524"/>
</kw>
<status status="PASS" starttime="20220514 22:28:48.171" endtime="20220514 22:28:50.525"/>
</kw>
<kw name="And I run the search by the &quot;python&quot; key" library="VersionsCompareKeywords">
<kw name="Run the search with the key on the Google search page" library="VersionsCompareFunctions">
<arg>${Google_search_key}</arg>
<kw name="Input Text" library="SeleniumLibrary">
<arg>${Google_search_input_element}</arg>
<arg>${search_key}</arg>
<doc>Types the given ``text`` into the text field identified by ``locator``.</doc>
<msg timestamp="20220514 22:28:50.527" level="INFO">Typing text 'python' into text field 'css:input.gLFyf'.</msg>
<status status="PASS" starttime="20220514 22:28:50.526" endtime="20220514 22:28:50.898"/>
</kw>
<kw name="Set Focus To Element" library="SeleniumLibrary">
<arg>${Google_search_run_element}</arg>
<doc>Sets the focus to the element identified by ``locator``.</doc>
<status status="PASS" starttime="20220514 22:28:50.898" endtime="20220514 22:28:50.938"/>
</kw>
<kw name="Click Element" library="SeleniumLibrary">
<arg>${Google_search_run_element}</arg>
<doc>Click the element identified by ``locator``.</doc>
<msg timestamp="20220514 22:28:50.940" level="INFO">Clicking element 'css:.FPdoLc center input.gNO89b'.</msg>
<status status="PASS" starttime="20220514 22:28:50.939" endtime="20220514 22:28:53.170"/>
</kw>
<status status="PASS" starttime="20220514 22:28:50.526" endtime="20220514 22:28:53.170"/>
</kw>
<status status="PASS" starttime="20220514 22:28:50.526" endtime="20220514 22:28:53.171"/>
</kw>
<kw name="And I click on the link with the &quot;Download&quot; text" library="VersionsCompareKeywords">
<kw name="Find the required result" library="VersionsCompareFunctions">
<arg>${Google_required_result}</arg>
<kw name="Page Should Contain" library="SeleniumLibrary">
<arg>Download</arg>
<doc>Verifies that current page contains ``text``.</doc>
<msg timestamp="20220514 22:28:53.199" level="INFO">Current page contains text 'Download'.</msg>
<status status="PASS" starttime="20220514 22:28:53.175" endtime="20220514 22:28:53.199"/>
</kw>
<kw name="Get WebElements" library="SeleniumLibrary">
<var>${links}</var>
<arg>${Google_result_from_domain}</arg>
<doc>Returns a list of WebElement objects matching the ``locator``.</doc>
<msg timestamp="20220514 22:28:53.212" level="INFO">${links} = [&lt;selenium.webdriver.remote.webelement.WebElement (session="37044c90bb98d3f0fc8c31408757320e", element="e38c2fd4-41f1-486f-b063-42d54fcd3018")&gt;, &lt;selenium.webdriver.remote.webelement.WebElement (sessi...</msg>
<status status="PASS" starttime="20220514 22:28:53.199" endtime="20220514 22:28:53.212"/>
</kw>
<kw name="Get From List" library="Collections">
<var>${found_result}</var>
<arg>${links}</arg>
<arg>0</arg>
<doc>Returns the value specified with an ``index`` from ``list``.</doc>
<msg timestamp="20220514 22:28:53.212" level="INFO">${found_result} = &lt;selenium.webdriver.remote.webelement.WebElement (session="37044c90bb98d3f0fc8c31408757320e", element="e38c2fd4-41f1-486f-b063-42d54fcd3018")&gt;</msg>
<status status="PASS" starttime="20220514 22:28:53.212" endtime="20220514 22:28:53.212"/>
</kw>
<kw name="Set Test Variable" library="BuiltIn">
<arg>${found_result}</arg>
<doc>Makes a variable available everywhere within the scope of the current test.</doc>
<msg timestamp="20220514 22:28:53.213" level="INFO">${found_result} = &lt;selenium.webdriver.remote.webelement.WebElement (session="37044c90bb98d3f0fc8c31408757320e", element="e38c2fd4-41f1-486f-b063-42d54fcd3018")&gt;</msg>
<status status="PASS" starttime="20220514 22:28:53.212" endtime="20220514 22:28:53.213"/>
</kw>
<status status="PASS" starttime="20220514 22:28:53.174" endtime="20220514 22:28:53.213"/>
</kw>
<kw name="Click on the link of the found result" library="VersionsCompareFunctions">
<kw name="Click Element" library="SeleniumLibrary">
<arg>${found_result}</arg>
<doc>Click the element identified by ``locator``.</doc>
<msg timestamp="20220514 22:28:53.214" level="INFO">Clicking element '&lt;selenium.webdriver.remote.webelement.WebElement (session="37044c90bb98d3f0fc8c31408757320e", element="e38c2fd4-41f1-486f-b063-42d54fcd3018")&gt;'.</msg>
<status status="PASS" starttime="20220514 22:28:53.213" endtime="20220514 22:28:54.642"/>
</kw>
<status status="PASS" starttime="20220514 22:28:53.213" endtime="20220514 22:28:54.643"/>
</kw>
<status status="PASS" starttime="20220514 22:28:53.173" endtime="20220514 22:28:54.643"/>
</kw>
<kw name="When I get the version in the text on the [Download] button" library="VersionsCompareKeywords">
<kw name="Get the version in the text on the [Download] button" library="VersionsCompareFunctions">
<kw name="Wait Until Page Contains Element" library="SeleniumLibrary">
<arg>${Python_Download_button_element}</arg>
<doc>Waits until the element ``locator`` appears on the current page.</doc>
<status status="PASS" starttime="20220514 22:28:54.646" endtime="20220514 22:28:54.667"/>
</kw>
<kw name="Get Text" library="SeleniumLibrary">
<var>${button_text}</var>
<arg>${Python_Download_button_element}</arg>
<doc>Returns the text value of the element identified by ``locator``.</doc>
<msg timestamp="20220514 22:28:54.720" level="INFO">${button_text} = Download Python 3.10.4</msg>
<status status="PASS" starttime="20220514 22:28:54.667" endtime="20220514 22:28:54.721"/>
</kw>
<kw name="Remove String" library="String">
<var>${version_in_button}</var>
<arg>${button_text}</arg>
<arg>Download</arg>
<arg>Python</arg>
<doc>Removes all ``removables`` from the given ``string``.</doc>
<msg timestamp="20220514 22:28:54.722" level="INFO">${version_in_button} =   3.10.4</msg>
<status status="PASS" starttime="20220514 22:28:54.721" endtime="20220514 22:28:54.722"/>
</kw>
<kw name="Strip String" library="String">
<var>${version_in_button}</var>
<arg>${version_in_button}</arg>
<doc>Remove leading and/or trailing whitespaces from the given string.</doc>
<msg timestamp="20220514 22:28:54.722" level="INFO">${version_in_button} = 3.10.4</msg>
<status status="PASS" starttime="20220514 22:28:54.722" endtime="20220514 22:28:54.723"/>
</kw>
<kw name="Set Test Variable" library="BuiltIn">
<arg>${version_in_button}</arg>
<doc>Makes a variable available everywhere within the scope of the current test.</doc>
<msg timestamp="20220514 22:28:54.723" level="INFO">${version_in_button} = 3.10.4</msg>
<status status="PASS" starttime="20220514 22:28:54.723" endtime="20220514 22:28:54.723"/>
</kw>
<status status="PASS" starttime="20220514 22:28:54.645" endtime="20220514 22:28:54.723"/>
</kw>
<status status="PASS" starttime="20220514 22:28:54.644" endtime="20220514 22:28:54.723"/>
</kw>
<kw name="And I get the version of the assigned to the button file name" library="VersionsCompareKeywords">
<kw name="Get the version of the assigned to the button file name" library="VersionsCompareFunctions">
<kw name="Get Element Attribute" library="SeleniumLibrary">
<var>${assigned_file}</var>
<arg>${Python_Download_button_element}</arg>
<arg>href</arg>
<doc>Returns the value of ``attribute`` from the element ``locator``.</doc>
<msg timestamp="20220514 22:28:54.738" level="INFO">${assigned_file} = https://www.python.org/ftp/python/3.10.4/python-3.10.4-amd64.exe</msg>
<status status="PASS" starttime="20220514 22:28:54.725" endtime="20220514 22:28:54.738"/>
</kw>
<kw name="Fetch From Left" library="String">
<var>${version_in_link}</var>
<arg>${assigned_file}</arg>
<arg>/python-</arg>
<doc>Returns contents of the ``string`` before the first occurrence of ``marker``.</doc>
<msg timestamp="20220514 22:28:54.739" level="INFO">${version_in_link} = https://www.python.org/ftp/python/3.10.4</msg>
<status status="PASS" starttime="20220514 22:28:54.738" endtime="20220514 22:28:54.739"/>
</kw>
<kw name="Fetch From Right" library="String">
<var>${version_in_link}</var>
<arg>${version_in_link}</arg>
<arg>python/</arg>
<doc>Returns contents of the ``string`` after the last occurrence of ``marker``.</doc>
<msg timestamp="20220514 22:28:54.739" level="INFO">${version_in_link} = 3.10.4</msg>
<status status="PASS" starttime="20220514 22:28:54.739" endtime="20220514 22:28:54.739"/>
</kw>
<kw name="Set Test Variable" library="BuiltIn">
<arg>${version_in_link}</arg>
<doc>Makes a variable available everywhere within the scope of the current test.</doc>
<msg timestamp="20220514 22:28:54.740" level="INFO">${version_in_link} = 3.10.4</msg>
<status status="PASS" starttime="20220514 22:28:54.739" endtime="20220514 22:28:54.740"/>
</kw>
<status status="PASS" starttime="20220514 22:28:54.724" endtime="20220514 22:28:54.740"/>
</kw>
<status status="PASS" starttime="20220514 22:28:54.724" endtime="20220514 22:28:54.740"/>
</kw>
<kw name="Then I see the same version both in text of the button and file name" library="VersionsCompareKeywords">
<kw name="Compare versions in text of the button and file name" library="VersionsCompareFunctions">
<kw name="Should Be Equal As Strings" library="BuiltIn">
<arg>${version_in_button}</arg>
<arg>${version_in_link}</arg>
<doc>Fails if objects are unequal after converting them to strings.</doc>
<status status="PASS" starttime="20220514 22:28:54.741" endtime="20220514 22:28:54.742"/>
</kw>
<status status="PASS" starttime="20220514 22:28:54.741" endtime="20220514 22:28:54.742"/>
</kw>
<status status="PASS" starttime="20220514 22:28:54.741" endtime="20220514 22:28:54.742"/>
</kw>
<kw name="End Web Test" library="Common" type="TEARDOWN">
<kw name="Close Browser" library="SeleniumLibrary">
<doc>Closes the current browser.</doc>
<status status="PASS" starttime="20220514 22:28:54.743" endtime="20220514 22:28:57.053"/>
</kw>
<status status="PASS" starttime="20220514 22:28:54.743" endtime="20220514 22:28:57.054"/>
</kw>
<doc>Check the text on the [Download] button and the file in the assigned to the button link</doc>
<status status="PASS" starttime="20220514 22:28:44.379" endtime="20220514 22:28:57.056"/>
</test>
<test id="s1-s1-t2" name="As a user, I check the end of support of the 3.8 Python version">
<kw name="I open the browser" library="Common" type="SETUP">
<kw name="Open Browser" library="SeleniumLibrary">
<arg>about:blank</arg>
<arg>${BROWSER}</arg>
<doc>Opens a new browser instance to the optional ``url``.</doc>
<msg timestamp="20220514 22:28:57.066" level="INFO">Opening browser 'chrome' to base url 'about:blank'.</msg>
<status status="PASS" starttime="20220514 22:28:57.065" endtime="20220514 22:28:59.041"/>
</kw>
<kw name="Set Window Size" library="SeleniumLibrary">
<arg>${Browser_Window_Width}</arg>
<arg>${Browser_Window_Height}</arg>
<doc>Sets current windows size to given ``width`` and ``height``.</doc>
<status status="PASS" starttime="20220514 22:28:59.041" endtime="20220514 22:28:59.161"/>
</kw>
<kw name="Evaluate" library="BuiltIn">
<var>${OS}</var>
<arg>platform.system()</arg>
<arg>platform</arg>
<doc>Evaluates the given expression in Python and returns the result.</doc>
<msg timestamp="20220514 22:28:59.162" level="INFO">${OS} = Windows</msg>
<status status="PASS" starttime="20220514 22:28:59.161" endtime="20220514 22:28:59.162"/>
</kw>
<kw name="Set Suite Variable" library="BuiltIn">
<arg>${OS}</arg>
<doc>Makes a variable available everywhere within the scope of the current suite.</doc>
<msg timestamp="20220514 22:28:59.162" level="INFO">${OS} = Windows</msg>
<status status="PASS" starttime="20220514 22:28:59.162" endtime="20220514 22:28:59.162"/>
</kw>
<status status="PASS" starttime="20220514 22:28:57.063" endtime="20220514 22:28:59.162"/>
</kw>
<kw name="Given I opened the Python Download page" library="VersionsCompareKeywords">
<kw name="Open the Google search page" library="VersionsCompareFunctions">
<kw name="Go To" library="SeleniumLibrary">
<arg>${Google_page}</arg>
<doc>Navigates the current browser window to the provided ``url``.</doc>
<msg timestamp="20220514 22:28:59.164" level="INFO">Opening url 'https://www.google.com/'</msg>
<status status="PASS" starttime="20220514 22:28:59.163" endtime="20220514 22:29:03.300"/>
</kw>
<kw name="Wait Until Page Contains Element" library="SeleniumLibrary">
<arg>${Google_search_input_element}</arg>
<doc>Waits until the element ``locator`` appears on the current page.</doc>
<status status="PASS" starttime="20220514 22:29:03.301" endtime="20220514 22:29:03.314"/>
</kw>
<status status="PASS" starttime="20220514 22:28:59.163" endtime="20220514 22:29:03.314"/>
</kw>
<kw name="Run the search with the key on the Google search page" library="VersionsCompareFunctions">
<arg>${Google_search_key}</arg>
<kw name="Input Text" library="SeleniumLibrary">
<arg>${Google_search_input_element}</arg>
<arg>${search_key}</arg>
<doc>Types the given ``text`` into the text field identified by ``locator``.</doc>
<msg timestamp="20220514 22:29:03.315" level="INFO">Typing text 'python' into text field 'css:input.gLFyf'.</msg>
<status status="PASS" starttime="20220514 22:29:03.315" endtime="20220514 22:29:03.429"/>
</kw>
<kw name="Set Focus To Element" library="SeleniumLibrary">
<arg>${Google_search_run_element}</arg>
<doc>Sets the focus to the element identified by ``locator``.</doc>
<status status="PASS" starttime="20220514 22:29:03.429" endtime="20220514 22:29:03.451"/>
</kw>
<kw name="Click Element" library="SeleniumLibrary">
<arg>${Google_search_run_element}</arg>
<doc>Click the element identified by ``locator``.</doc>
<msg timestamp="20220514 22:29:03.452" level="INFO">Clicking element 'css:.FPdoLc center input.gNO89b'.</msg>
<status status="PASS" starttime="20220514 22:29:03.451" endtime="20220514 22:29:06.628"/>
</kw>
<status status="PASS" starttime="20220514 22:29:03.314" endtime="20220514 22:29:06.628"/>
</kw>
<kw name="Find the required result" library="VersionsCompareFunctions">
<arg>${Google_required_result}</arg>
<kw name="Page Should Contain" library="SeleniumLibrary">
<arg>Download</arg>
<doc>Verifies that current page contains ``text``.</doc>
<msg timestamp="20220514 22:29:06.656" level="INFO">Current page contains text 'Download'.</msg>
<status status="PASS" starttime="20220514 22:29:06.629" endtime="20220514 22:29:06.656"/>
</kw>
<kw name="Get WebElements" library="SeleniumLibrary">
<var>${links}</var>
<arg>${Google_result_from_domain}</arg>
<doc>Returns a list of WebElement objects matching the ``locator``.</doc>
<msg timestamp="20220514 22:29:06.669" level="INFO">${links} = [&lt;selenium.webdriver.remote.webelement.WebElement (session="33a110e381a057261e5ae446516f34e1", element="b9808257-c7f8-4f56-bc51-a2cf1c9c43b7")&gt;, &lt;selenium.webdriver.remote.webelement.WebElement (sessi...</msg>
<status status="PASS" starttime="20220514 22:29:06.656" endtime="20220514 22:29:06.669"/>
</kw>
<kw name="Get From List" library="Collections">
<var>${found_result}</var>
<arg>${links}</arg>
<arg>0</arg>
<doc>Returns the value specified with an ``index`` from ``list``.</doc>
<msg timestamp="20220514 22:29:06.670" level="INFO">${found_result} = &lt;selenium.webdriver.remote.webelement.WebElement (session="33a110e381a057261e5ae446516f34e1", element="b9808257-c7f8-4f56-bc51-a2cf1c9c43b7")&gt;</msg>
<status status="PASS" starttime="20220514 22:29:06.669" endtime="20220514 22:29:06.670"/>
</kw>
<kw name="Set Test Variable" library="BuiltIn">
<arg>${found_result}</arg>
<doc>Makes a variable available everywhere within the scope of the current test.</doc>
<msg timestamp="20220514 22:29:06.670" level="INFO">${found_result} = &lt;selenium.webdriver.remote.webelement.WebElement (session="33a110e381a057261e5ae446516f34e1", element="b9808257-c7f8-4f56-bc51-a2cf1c9c43b7")&gt;</msg>
<status status="PASS" starttime="20220514 22:29:06.670" endtime="20220514 22:29:06.670"/>
</kw>
<status status="PASS" starttime="20220514 22:29:06.629" endtime="20220514 22:29:06.671"/>
</kw>
<kw name="Click on the link of the found result" library="VersionsCompareFunctions">
<kw name="Click Element" library="SeleniumLibrary">
<arg>${found_result}</arg>
<doc>Click the element identified by ``locator``.</doc>
<msg timestamp="20220514 22:29:06.671" level="INFO">Clicking element '&lt;selenium.webdriver.remote.webelement.WebElement (session="33a110e381a057261e5ae446516f34e1", element="b9808257-c7f8-4f56-bc51-a2cf1c9c43b7")&gt;'.</msg>
<status status="PASS" starttime="20220514 22:29:06.671" endtime="20220514 22:29:10.716"/>
</kw>
<status status="PASS" starttime="20220514 22:29:06.671" endtime="20220514 22:29:10.717"/>
</kw>
<status status="PASS" starttime="20220514 22:28:59.163" endtime="20220514 22:29:10.717"/>
</kw>
<kw name="When I get the end of support of the 3.8 Python version" library="VersionsCompareKeywords">
<kw name="Get the end of support of the 3.8 Python version" library="VersionsCompareFunctions">
<kw name="Wait Until Page Contains Element" library="SeleniumLibrary">
<arg>${Python_Version_element}</arg>
<doc>Waits until the element ``locator`` appears on the current page.</doc>
<status status="PASS" starttime="20220514 22:29:10.719" endtime="20220514 22:29:10.743"/>
</kw>
<kw name="Get WebElements" library="SeleniumLibrary">
<var>${elements}</var>
<arg>${Python_Version_element}</arg>
<doc>Returns a list of WebElement objects matching the ``locator``.</doc>
<msg timestamp="20220514 22:29:10.758" level="INFO">${elements} = [&lt;selenium.webdriver.remote.webelement.WebElement (session="33a110e381a057261e5ae446516f34e1", element="cb1bab80-f851-4db6-8c8c-c22c369d0989")&gt;, &lt;selenium.webdriver.remote.webelement.WebElement (sessi...</msg>
<status status="PASS" starttime="20220514 22:29:10.743" endtime="20220514 22:29:10.758"/>
</kw>
<for flavor="IN">
<var>${cell}</var>
<value>@{elements}</value>
<iter>
<var name="${cell}">&lt;selenium.webdriver.remote.webelement.WebElement (session="33a110e381a057261e5ae446516f34e1", element="cb1bab80-f851-4db6-8c8c-c22c369d0989")&gt;</var>
<kw name="Get Text" library="SeleniumLibrary">
<var>${version}</var>
<arg>${cell}</arg>
<doc>Returns the text value of the element identified by ``locator``.</doc>
<msg timestamp="20220514 22:29:10.776" level="INFO">${version} = Python version</msg>
<status status="PASS" starttime="20220514 22:29:10.759" endtime="20220514 22:29:10.776"/>
</kw>
<kw name="Get Index From List" library="Collections">
<var>${index}</var>
<arg>${elements}</arg>
<arg>${cell}</arg>
<doc>Returns the index of the first occurrence of the ``value`` on the list.</doc>
<msg timestamp="20220514 22:29:10.777" level="INFO">${index} = 0</msg>
<status status="PASS" starttime="20220514 22:29:10.777" endtime="20220514 22:29:10.778"/>
</kw>
<kw name="Run Keyword If" library="BuiltIn">
<arg>"${version}" == "${Python_required_version}"</arg>
<arg>Exit For Loop</arg>
<doc>Runs the given keyword with the given arguments, if ``condition`` is true.</doc>
<status status="PASS" starttime="20220514 22:29:10.778" endtime="20220514 22:29:10.779"/>
</kw>
<status status="PASS" starttime="20220514 22:29:10.759" endtime="20220514 22:29:10.780"/>
</iter>
<iter>
<var name="${cell}">&lt;selenium.webdriver.remote.webelement.WebElement (session="33a110e381a057261e5ae446516f34e1", element="366c07b4-2328-4eb8-995f-d88ab922fbc0")&gt;</var>
<kw name="Get Text" library="SeleniumLibrary">
<var>${version}</var>
<arg>${cell}</arg>
<doc>Returns the text value of the element identified by ``locator``.</doc>
<msg timestamp="20220514 22:29:10.797" level="INFO">${version} = 3.10</msg>
<status status="PASS" starttime="20220514 22:29:10.780" endtime="20220514 22:29:10.797"/>
</kw>
<kw name="Get Index From List" library="Collections">
<var>${index}</var>
<arg>${elements}</arg>
<arg>${cell}</arg>
<doc>Returns the index of the first occurrence of the ``value`` on the list.</doc>
<msg timestamp="20220514 22:29:10.798" level="INFO">${index} = 1</msg>
<status status="PASS" starttime="20220514 22:29:10.797" endtime="20220514 22:29:10.798"/>
</kw>
<kw name="Run Keyword If" library="BuiltIn">
<arg>"${version}" == "${Python_required_version}"</arg>
<arg>Exit For Loop</arg>
<doc>Runs the given keyword with the given arguments, if ``condition`` is true.</doc>
<status status="PASS" starttime="20220514 22:29:10.798" endtime="20220514 22:29:10.799"/>
</kw>
<status status="PASS" starttime="20220514 22:29:10.780" endtime="20220514 22:29:10.799"/>
</iter>
<iter>
<var name="${cell}">&lt;selenium.webdriver.remote.webelement.WebElement (session="33a110e381a057261e5ae446516f34e1", element="dc355934-0bf8-4c76-bade-099037de1806")&gt;</var>
<kw name="Get Text" library="SeleniumLibrary">
<var>${version}</var>
<arg>${cell}</arg>
<doc>Returns the text value of the element identified by ``locator``.</doc>
<msg timestamp="20220514 22:29:10.811" level="INFO">${version} = 3.9</msg>
<status status="PASS" starttime="20220514 22:29:10.799" endtime="20220514 22:29:10.811"/>
</kw>
<kw name="Get Index From List" library="Collections">
<var>${index}</var>
<arg>${elements}</arg>
<arg>${cell}</arg>
<doc>Returns the index of the first occurrence of the ``value`` on the list.</doc>
<msg timestamp="20220514 22:29:10.812" level="INFO">${index} = 2</msg>
<status status="PASS" starttime="20220514 22:29:10.812" endtime="20220514 22:29:10.812"/>
</kw>
<kw name="Run Keyword If" library="BuiltIn">
<arg>"${version}" == "${Python_required_version}"</arg>
<arg>Exit For Loop</arg>
<doc>Runs the given keyword with the given arguments, if ``condition`` is true.</doc>
<status status="PASS" starttime="20220514 22:29:10.812" endtime="20220514 22:29:10.813"/>
</kw>
<status status="PASS" starttime="20220514 22:29:10.799" endtime="20220514 22:29:10.813"/>
</iter>
<iter>
<var name="${cell}">&lt;selenium.webdriver.remote.webelement.WebElement (session="33a110e381a057261e5ae446516f34e1", element="8810379a-d293-4932-8307-812f6a1177ab")&gt;</var>
<kw name="Get Text" library="SeleniumLibrary">
<var>${version}</var>
<arg>${cell}</arg>
<doc>Returns the text value of the element identified by ``locator``.</doc>
<msg timestamp="20220514 22:29:10.827" level="INFO">${version} = 3.8</msg>
<status status="PASS" starttime="20220514 22:29:10.814" endtime="20220514 22:29:10.827"/>
</kw>
<kw name="Get Index From List" library="Collections">
<var>${index}</var>
<arg>${elements}</arg>
<arg>${cell}</arg>
<doc>Returns the index of the first occurrence of the ``value`` on the list.</doc>
<msg timestamp="20220514 22:29:10.828" level="INFO">${index} = 3</msg>
<status status="PASS" starttime="20220514 22:29:10.828" endtime="20220514 22:29:10.828"/>
</kw>
<kw name="Run Keyword If" library="BuiltIn">
<arg>"${version}" == "${Python_required_version}"</arg>
<arg>Exit For Loop</arg>
<doc>Runs the given keyword with the given arguments, if ``condition`` is true.</doc>
<kw name="Exit For Loop" library="BuiltIn">
<doc>Stops executing the enclosing for loop.</doc>
<msg timestamp="20220514 22:29:10.829" level="INFO">Exiting for loop altogether.</msg>
<status status="PASS" starttime="20220514 22:29:10.829" endtime="20220514 22:29:10.831"/>
</kw>
<status status="PASS" starttime="20220514 22:29:10.828" endtime="20220514 22:29:10.832"/>
</kw>
<status status="PASS" starttime="20220514 22:29:10.813" endtime="20220514 22:29:10.832"/>
</iter>
<status status="PASS" starttime="20220514 22:29:10.759" endtime="20220514 22:29:10.832"/>
</for>
<kw name="Get WebElements" library="SeleniumLibrary">
<var>${elements}</var>
<arg>${Python_end_of_support_element}</arg>
<doc>Returns a list of WebElement objects matching the ``locator``.</doc>
<msg timestamp="20220514 22:29:10.844" level="INFO">${elements} = [&lt;selenium.webdriver.remote.webelement.WebElement (session="33a110e381a057261e5ae446516f34e1", element="860e9292-b87a-42ca-bcfb-d3e542c7aade")&gt;, &lt;selenium.webdriver.remote.webelement.WebElement (sessi...</msg>
<status status="PASS" starttime="20220514 22:29:10.832" endtime="20220514 22:29:10.844"/>
</kw>
<kw name="Get From List" library="Collections">
<var>${element}</var>
<arg>${elements}</arg>
<arg>${index}</arg>
<doc>Returns the value specified with an ``index`` from ``list``.</doc>
<msg timestamp="20220514 22:29:10.844" level="INFO">${element} = &lt;selenium.webdriver.remote.webelement.WebElement (session="33a110e381a057261e5ae446516f34e1", element="991cbc4a-00f2-4fe9-a69f-012476c700b5")&gt;</msg>
<status status="PASS" starttime="20220514 22:29:10.844" endtime="20220514 22:29:10.845"/>
</kw>
<kw name="Get Text" library="SeleniumLibrary">
<var>${found_date}</var>
<arg>${element}</arg>
<doc>Returns the text value of the element identified by ``locator``.</doc>
<msg timestamp="20220514 22:29:10.858" level="INFO">${found_date} = 2024-10</msg>
<status status="PASS" starttime="20220514 22:29:10.845" endtime="20220514 22:29:10.858"/>
</kw>
<kw name="Set Test Variable" library="BuiltIn">
<arg>${found_date}</arg>
<doc>Makes a variable available everywhere within the scope of the current test.</doc>
<msg timestamp="20220514 22:29:10.859" level="INFO">${found_date} = 2024-10</msg>
<status status="PASS" starttime="20220514 22:29:10.859" endtime="20220514 22:29:10.859"/>
</kw>
<status status="PASS" starttime="20220514 22:29:10.719" endtime="20220514 22:29:10.859"/>
</kw>
<status status="PASS" starttime="20220514 22:29:10.718" endtime="20220514 22:29:10.859"/>
</kw>
<kw name="Then I see that the date is correct" library="VersionsCompareKeywords">
<kw name="Compare the found date with the required date with year and month only" library="VersionsCompareFunctions">
<kw name="Should Be Equal As Strings" library="BuiltIn">
<arg>${found_date}</arg>
<arg>${Python_end_of_support_required_date}</arg>
<doc>Fails if objects are unequal after converting them to strings.</doc>
<status status="PASS" starttime="20220514 22:29:10.861" endtime="20220514 22:29:10.861"/>
</kw>
<status status="PASS" starttime="20220514 22:29:10.860" endtime="20220514 22:29:10.861"/>
</kw>
<status status="PASS" starttime="20220514 22:29:10.860" endtime="20220514 22:29:10.862"/>
</kw>
<kw name="End Web Test" library="Common" type="TEARDOWN">
<kw name="Close Browser" library="SeleniumLibrary">
<doc>Closes the current browser.</doc>
<status status="PASS" starttime="20220514 22:29:10.863" endtime="20220514 22:29:13.183"/>
</kw>
<status status="PASS" starttime="20220514 22:29:10.862" endtime="20220514 22:29:13.183"/>
</kw>
<doc>I used already created keywords to open the required page</doc>
<status status="PASS" starttime="20220514 22:28:57.060" endtime="20220514 22:29:13.185"/>
</test>
<doc>The available version of the Python on the Download page are checked</doc>
<status status="PASS" starttime="20220514 22:28:43.974" endtime="20220514 22:29:13.190"/>
</suite>
<status status="PASS" starttime="20220514 22:28:43.937" endtime="20220514 22:29:13.200"/>
</suite>
<statistics>
<total>
<stat pass="2" fail="0" skip="0">All Tests</stat>
</total>
<tag>
</tag>
<suite>
<stat pass="2" fail="0" skip="0" id="s1" name="Tests">Tests</stat>
<stat pass="2" fail="0" skip="0" id="s1-s1" name="CheckVersions">Tests.CheckVersions</stat>
</suite>
</statistics>
<errors>
</errors>
</robot>
